<?xml version='1.0' encoding='UTF-8'?>
<testsuite hostname="imac.lan" name="ExampleTest" tests="2" errors="0" failures="0" skipped="0" time="0.008" timestamp="2022-10-16T13:16:23">
          <properties>
[...]
</properties>
          <testcase classname="ExampleTest" name="A Set when empty should have size 0" time="0.008">
                      
                    </testcase><testcase classname="ExampleTest" name="A Set when empty should produce NoSuchElementException when head is invoked" time="0.0">
                      
                    </testcase>
          <system-out><![CDATA[]]></system-out>
          <system-err><![CDATA[]]></system-err>
        </testsuite>