<?xml version="1.0" encoding="UTF-8"?>
<testng-results ignored="0" total="1" passed="1" failed="0" skipped="0">
  <reporter-output>
  </reporter-output>
  <suite started-at="2022-10-16T16:23:30 AEST" name="Command line suite" finished-at="2022-10-16T16:23:30 AEST" duration-ms="18">
    <groups>
    </groups>
    <test started-at="2022-10-16T16:23:30 AEST" name="Command line test" finished-at="2022-10-16T16:23:30 AEST" duration-ms="18">
      <class name="PocketCalculatorTest">
        <test-method signature="testAddition()[pri:0, instance:PocketCalculatorTest@2af004b]" started-at="2022-10-16T16:23:30 AEST" name="testAddition" finished-at="2022-10-16T16:23:30 AEST" duration-ms="4" status="PASS">
          <reporter-output>
          </reporter-output>
        </test-method> <!-- testAddition -->
      </class> <!-- PocketCalculatorTest -->
    </test> <!-- Command line test -->
  </suite> <!-- Command line suite -->
</testng-results>
